<?xml version="1.0" encoding="UTF-8"?>
<!-- Generated by org.testng.reporters.JUnitXMLReporter -->
<testsuite ignored="8" hostname="USTXPLLP03368" failures="0" tests="1" name="Default test" time="0.057" errors="0" timestamp="2021-08-23T11:06:25 PDT">
  <testcase classname="com.TestNG.TestClass1" name="@BeforeTest beforeTest" time="0.001">
    <failure type="java.lang.NullPointerException" message="Cannot invoke &amp;quot;String.equals(Object)&amp;quot; because &amp;quot;browser&amp;quot; is null">
      <![CDATA[java.lang.NullPointerException: Cannot invoke "String.equals(Object)" because "browser" is null
at com.Utility.library.luanchBrowser(library.java:56)
at com.TestNG.TestClass1.beforeTest(TestClass1.java:242)
at java.base/jdk.internal.reflect.NativeMethodAccessorImpl.invoke0(Native Method)
at java.base/jdk.internal.reflect.NativeMethodAccessorImpl.invoke(NativeMethodAccessorImpl.java:78)
at java.base/jdk.internal.reflect.DelegatingMethodAccessorImpl.invoke(DelegatingMethodAccessorImpl.java:43)
at java.base/java.lang.reflect.Method.invoke(Method.java:567)
at org.testng.internal.MethodInvocationHelper.invokeMethod(MethodInvocationHelper.java:133)
at org.testng.internal.MethodInvocationHelper.invokeMethodConsideringTimeout(MethodInvocationHelper.java:62)
at org.testng.internal.ConfigInvoker.invokeConfigurationMethod(ConfigInvoker.java:385)
at org.testng.internal.ConfigInvoker.invokeConfigurations(ConfigInvoker.java:321)
at org.testng.TestRunner.invokeTestConfigurations(TestRunner.java:637)
at org.testng.TestRunner.beforeRun(TestRunner.java:627)
at org.testng.TestRunner.run(TestRunner.java:589)
at org.testng.SuiteRunner.runTest(SuiteRunner.java:377)
at org.testng.SuiteRunner.runSequentially(SuiteRunner.java:371)
at org.testng.SuiteRunner.privateRun(SuiteRunner.java:332)
at org.testng.SuiteRunner.run(SuiteRunner.java:276)
at org.testng.SuiteRunnerWorker.runSuite(SuiteRunnerWorker.java:53)
at org.testng.SuiteRunnerWorker.run(SuiteRunnerWorker.java:96)
at org.testng.TestNG.runSuitesSequentially(TestNG.java:1212)
at org.testng.TestNG.runSuitesLocally(TestNG.java:1134)
at org.testng.TestNG.runSuites(TestNG.java:1063)
at org.testng.TestNG.run(TestNG.java:1031)
at org.testng.remote.AbstractRemoteTestNG.run(AbstractRemoteTestNG.java:115)
at org.testng.remote.RemoteTestNG.initAndRun(RemoteTestNG.java:251)
at org.testng.remote.RemoteTestNG.main(RemoteTestNG.java:77)
]]>
    </failure>
  </testcase> <!-- @BeforeTest beforeTest -->
  <testcase classname="com.TestNG.TestClass1" name="@BeforeClass beforeClass" time="-1.62974198553E9">
    <skipped/>
  </testcase> <!-- @BeforeClass beforeClass -->
  <testcase classname="com.TestNG.TestClass1" name="@BeforeMethod beforeMethod" time="-1.629741985545E9">
    <skipped/>
  </testcase> <!-- @BeforeMethod beforeMethod -->
  <testcase classname="com.TestNG.TestClass1" name="@AfterMethod afterMethod" time="-1.629741985551E9">
    <skipped/>
  </testcase> <!-- @AfterMethod afterMethod -->
  <testcase classname="com.TestNG.TestClass1" name="@AfterClass afterClass" time="-1.629741985553E9">
    <skipped/>
  </testcase> <!-- @AfterClass afterClass -->
  <testcase classname="com.TestNG.TestClass1" name="@AfterTest afterTest" time="-1.629741985557E9">
    <skipped/>
  </testcase> <!-- @AfterTest afterTest -->
  <testcase classname="com.TestNG.TestClass1" name="HandlingWebTable" time="0.0">
    <skipped/>
  </testcase> <!-- HandlingWebTable -->
  <testcase classname="com.TestNG.TestClass1" name="ValidateGMO_OnLineLoadedSuccessfully" time="0.0">
    <ignored/>
  </testcase> <!-- ValidateGMO_OnLineLoadedSuccessfully -->
  <testcase classname="com.TestNG.TestClass1" name="ValidateOrderSunGlasses" time="0.0">
    <ignored/>
  </testcase> <!-- ValidateOrderSunGlasses -->
  <testcase classname="com.TestNG.TestClass1" name="HandlingMouseActionsRightClick" time="0.0">
    <ignored/>
  </testcase> <!-- HandlingMouseActionsRightClick -->
  <testcase classname="com.TestNG.TestClass1" name="HandlingMouseOpeartionDoubleClick" time="0.0">
    <ignored/>
  </testcase> <!-- HandlingMouseOpeartionDoubleClick -->
  <testcase classname="com.TestNG.TestClass1" name="ValidatingAlerts" time="0.0">
    <ignored/>
  </testcase> <!-- ValidatingAlerts -->
  <testcase classname="com.TestNG.TestClass1" name="HandlingWindows" time="0.0">
    <ignored/>
  </testcase> <!-- HandlingWindows -->
  <testcase classname="com.TestNG.TestClass1" name="ValidateEnterGMO_OnLineSuccessfully" time="0.0">
    <ignored/>
  </testcase> <!-- ValidateEnterGMO_OnLineSuccessfully -->
  <testcase classname="com.TestNG.TestClass1" name="HandlingFrames" time="0.0">
    <ignored/>
  </testcase> <!-- HandlingFrames -->
</testsuite> <!-- Default test -->
